INFO:werkzeug: * Running on http://localhost:5000/
INFO:werkzeug: * Restarting with reloader...
INFO:werkzeug: * Running on http://localhost:5000/
INFO:werkzeug: * Restarting with reloader...
INFO:werkzeug: * Running on http://localhost:5000/
INFO:werkzeug: * Restarting with reloader...
INFO:werkzeug:127.0.0.1 - - [30/Nov/2010 18:00:08] "GET / HTTP/1.1" 200 -
INFO:werkzeug:127.0.0.1 - - [30/Nov/2010 18:00:08] "GET /static/application.css HTTP/1.1" 304 -
INFO:werkzeug:127.0.0.1 - - [30/Nov/2010 18:00:08] "GET /favicon.ico/ HTTP/1.1" 404 -
DEBUG:root:wtf mate
INFO:werkzeug:127.0.0.1 - - [30/Nov/2010 18:00:11] "GET /plurals/ HTTP/1.1" 200 -
INFO:werkzeug:127.0.0.1 - - [30/Nov/2010 18:00:11] "GET /favicon.ico/ HTTP/1.1" 404 -
DEBUG:root:wtf mate
ERROR:server:Exception on /plurals/ [GET]
Traceback (most recent call last):
  File "/usr/local/Cellar/python/2.7/lib/python2.7/site-packages/flask/app.py", line 862, in wsgi_app
    rv = self.dispatch_request()
  File "/usr/local/Cellar/python/2.7/lib/python2.7/site-packages/flask/app.py", line 697, in dispatch_request
    return self.view_functions[rule.endpoint](**req.view_args)
  File "/Users/jonathan/wuglearn/server.py", line 31, in exp
    import learner
  File "/Users/jonathan/wuglearn/learner.py", line 43, in <module>
    ortho, ipa = line[0], unicode(line[1])
UnicodeDecodeError: 'ascii' codec can't decode byte 0xc9 in position 2: ordinal not in range(128)
DEBUG:root:wtf mate
ERROR:server:Exception on /plurals/ [GET]
Traceback (most recent call last):
  File "/usr/local/Cellar/python/2.7/lib/python2.7/site-packages/flask/app.py", line 862, in wsgi_app
    rv = self.dispatch_request()
  File "/usr/local/Cellar/python/2.7/lib/python2.7/site-packages/flask/app.py", line 697, in dispatch_request
    return self.view_functions[rule.endpoint](**req.view_args)
  File "/Users/jonathan/wuglearn/server.py", line 31, in exp
    import learner
  File "/Users/jonathan/wuglearn/learner.py", line 43, in <module>
    ortho, ipa = line[0], unicode(line[1])
UnicodeDecodeError: 'ascii' codec can't decode byte 0xc9 in position 2: ordinal not in range(128)
DEBUG:root:wtf mate
ERROR:server:Exception on /plurals/ [GET]
Traceback (most recent call last):
  File "/usr/local/Cellar/python/2.7/lib/python2.7/site-packages/flask/app.py", line 862, in wsgi_app
    rv = self.dispatch_request()
  File "/usr/local/Cellar/python/2.7/lib/python2.7/site-packages/flask/app.py", line 697, in dispatch_request
    return self.view_functions[rule.endpoint](**req.view_args)
  File "/Users/jonathan/wuglearn/server.py", line 31, in exp
    import learner
  File "/Users/jonathan/wuglearn/learner.py", line 5, in <module>
    import logger
ImportError: No module named logger
DEBUG:root:wtf mate
ERROR:server:Exception on /plurals/ [GET]
Traceback (most recent call last):
  File "/usr/local/Cellar/python/2.7/lib/python2.7/site-packages/flask/app.py", line 862, in wsgi_app
    rv = self.dispatch_request()
  File "/usr/local/Cellar/python/2.7/lib/python2.7/site-packages/flask/app.py", line 697, in dispatch_request
    return self.view_functions[rule.endpoint](**req.view_args)
  File "/Users/jonathan/wuglearn/server.py", line 31, in exp
    import learner
  File "/Users/jonathan/wuglearn/learner.py", line 5, in <module>
    import logger
ImportError: No module named logger
DEBUG:root:wtf mate
ERROR:server:Exception on /plurals/ [GET]
Traceback (most recent call last):
  File "/usr/local/Cellar/python/2.7/lib/python2.7/site-packages/flask/app.py", line 862, in wsgi_app
    rv = self.dispatch_request()
  File "/usr/local/Cellar/python/2.7/lib/python2.7/site-packages/flask/app.py", line 697, in dispatch_request
    return self.view_functions[rule.endpoint](**req.view_args)
  File "/Users/jonathan/wuglearn/server.py", line 31, in exp
    import learner
  File "/Users/jonathan/wuglearn/learner.py", line 45, in <module>
    logger.debug(line[1])
NameError: name 'logger' is not defined
DEBUG:root:wtf mate
ERROR:server:Exception on /plurals/ [GET]
Traceback (most recent call last):
  File "/usr/local/Cellar/python/2.7/lib/python2.7/site-packages/flask/app.py", line 862, in wsgi_app
    rv = self.dispatch_request()
  File "/usr/local/Cellar/python/2.7/lib/python2.7/site-packages/flask/app.py", line 697, in dispatch_request
    return self.view_functions[rule.endpoint](**req.view_args)
  File "/Users/jonathan/wuglearn/server.py", line 31, in exp
    import learner
  File "/Users/jonathan/wuglearn/learner.py", line 45, in <module>
    logger.debug(line[1])
NameError: name 'logger' is not defined
DEBUG:root:wtf mate
DEBUG:root:beɪlɪf
ERROR:server:Exception on /plurals/ [GET]
Traceback (most recent call last):
  File "/usr/local/Cellar/python/2.7/lib/python2.7/site-packages/flask/app.py", line 862, in wsgi_app
    rv = self.dispatch_request()
  File "/usr/local/Cellar/python/2.7/lib/python2.7/site-packages/flask/app.py", line 697, in dispatch_request
    return self.view_functions[rule.endpoint](**req.view_args)
  File "/Users/jonathan/wuglearn/server.py", line 31, in exp
    import learner
  File "/Users/jonathan/wuglearn/learner.py", line 46, in <module>
    ortho, ipa = line[0], unicode(line[1])
UnicodeDecodeError: 'ascii' codec can't decode byte 0xc9 in position 2: ordinal not in range(128)
DEBUG:root:wtf mate
DEBUG:root:bailiffbeɪlɪf
ERROR:server:Exception on /plurals/ [GET]
Traceback (most recent call last):
  File "/usr/local/Cellar/python/2.7/lib/python2.7/site-packages/flask/app.py", line 862, in wsgi_app
    rv = self.dispatch_request()
  File "/usr/local/Cellar/python/2.7/lib/python2.7/site-packages/flask/app.py", line 697, in dispatch_request
    return self.view_functions[rule.endpoint](**req.view_args)
  File "/Users/jonathan/wuglearn/server.py", line 31, in exp
    import learner
  File "/Users/jonathan/wuglearn/learner.py", line 46, in <module>
    ortho, ipa = line[0], unicode(line[1])
UnicodeDecodeError: 'ascii' codec can't decode byte 0xc9 in position 2: ordinal not in range(128)
DEBUG:root:['/Users/jonathan/wuglearn', '/System/Library/Frameworks/Python.framework/Versions/2.6/lib/python26.zip', '/System/Library/Frameworks/Python.framework/Versions/2.6/lib/python2.6', '/System/Library/Frameworks/Python.framework/Versions/2.6/lib/python2.6/plat-darwin', '/System/Library/Frameworks/Python.framework/Versions/2.6/lib/python2.6/plat-mac', '/System/Library/Frameworks/Python.framework/Versions/2.6/lib/python2.6/plat-mac/lib-scriptpackages', '/System/Library/Frameworks/Python.framework/Versions/2.6/Extras/lib/python', '/System/Library/Frameworks/Python.framework/Versions/2.6/lib/python2.6/lib-tk', '/System/Library/Frameworks/Python.framework/Versions/2.6/lib/python2.6/lib-old', '/System/Library/Frameworks/Python.framework/Versions/2.6/lib/python2.6/lib-dynload', '/Library/Python/2.6/site-packages', '/System/Library/Frameworks/Python.framework/Versions/2.6/Extras/lib/python/PyObjC', '/System/Library/Frameworks/Python.framework/Versions/2.6/Extras/lib/python/wx-2.8-mac-unicode', '/Users/jonathan/wuglearn', '/usr/local/Cellar/python/2.7/lib/python2.7/site-packages']
DEBUG:root:bailiffbeɪlɪf
ERROR:server:Exception on /plurals/ [GET]
Traceback (most recent call last):
  File "/usr/local/Cellar/python/2.7/lib/python2.7/site-packages/flask/app.py", line 862, in wsgi_app
    rv = self.dispatch_request()
  File "/usr/local/Cellar/python/2.7/lib/python2.7/site-packages/flask/app.py", line 697, in dispatch_request
    return self.view_functions[rule.endpoint](**req.view_args)
  File "/Users/jonathan/wuglearn/server.py", line 30, in exp
    import learner
  File "/Users/jonathan/wuglearn/learner.py", line 47, in <module>
    ortho, ipa = line[0], unicode(line[1])
UnicodeDecodeError: 'ascii' codec can't decode byte 0xc9 in position 2: ordinal not in range(128)
DEBUG:root:['/Users/jonathan/wuglearn', '/System/Library/Frameworks/Python.framework/Versions/2.6/lib/python26.zip', '/System/Library/Frameworks/Python.framework/Versions/2.6/lib/python2.6', '/System/Library/Frameworks/Python.framework/Versions/2.6/lib/python2.6/plat-darwin', '/System/Library/Frameworks/Python.framework/Versions/2.6/lib/python2.6/plat-mac', '/System/Library/Frameworks/Python.framework/Versions/2.6/lib/python2.6/plat-mac/lib-scriptpackages', '/System/Library/Frameworks/Python.framework/Versions/2.6/Extras/lib/python', '/System/Library/Frameworks/Python.framework/Versions/2.6/lib/python2.6/lib-tk', '/System/Library/Frameworks/Python.framework/Versions/2.6/lib/python2.6/lib-old', '/System/Library/Frameworks/Python.framework/Versions/2.6/lib/python2.6/lib-dynload', '/Library/Python/2.6/site-packages', '/System/Library/Frameworks/Python.framework/Versions/2.6/Extras/lib/python/PyObjC', '/System/Library/Frameworks/Python.framework/Versions/2.6/Extras/lib/python/wx-2.8-mac-unicode', '/Users/jonathan/wuglearn', '/usr/local/Cellar/python/2.7/lib/python2.7/site-packages']
DEBUG:root:bailiffbeɪlɪf
DEBUG:root:behalfbɪhæf
DEBUG:root:beliefbəlif
DEBUG:root:bluffblʌf
DEBUG:root:briefbrif
DEBUG:root:calfkæf
DEBUG:root:caliphkeɪlɪf
DEBUG:root:carafekəræf
DEBUG:root:castoffkæstɑf
DEBUG:root:chefʃɛf
DEBUG:root:chiefʧif
DEBUG:root:clefklɛf
DEBUG:root:cliffklɪf
DEBUG:root:coughkɔf
DEBUG:root:cuffkʌf
DEBUG:root:dwarfdworf
DEBUG:root:earmuffirmʌf
DEBUG:root:elfɛlf
DEBUG:root:epitaphɛpətæf
DEBUG:root:fifefaɪf
DEBUG:root:gaffeɡæf
DEBUG:root:giraffeʤɚæf
DEBUG:root:goofɡuf
DEBUG:root:graphɡræf
DEBUG:root:gulfɡʌlf
DEBUG:root:halfhæf
DEBUG:root:handcuffhænkʌf
DEBUG:root:hieroglyphhaɪrəɡlɪf
DEBUG:root:hoofhʊf
DEBUG:root:kerchiefkɚʧɪf
DEBUG:root:knifenaɪf
DEBUG:root:laughlæf
DEBUG:root:leaflif
DEBUG:root:lifelaɪf
DEBUG:root:loafloʊf
DEBUG:root:mastiffmæstɪf
DEBUG:root:midriffmɪdrɪf
DEBUG:root:motifmoʊtif
DEBUG:root:nymphnɪmf
DEBUG:root:oafoʊf
DEBUG:root:paragraphpɛrəɡræf
DEBUG:root:pilafpilɑf
DEBUG:root:plaintiffpleɪntɪf
DEBUG:root:pontiffpɑntɪf
DEBUG:root:profprɔf
DEBUG:root:proofpruf
DEBUG:root:puffpʌf
DEBUG:root:quaffkwɑf
DEBUG:root:reefrif
DEBUG:root:refrɛf
DEBUG:root:reliefrɪlif
DEBUG:root:roofruf
DEBUG:root:safeseɪf
DEBUG:root:scarfskɑrf
DEBUG:root:selfsɛlf
DEBUG:root:seraphsɛrɪf
DEBUG:root:serfsɚf
DEBUG:root:serifsɛrɪf
DEBUG:root:sheafʃif
DEBUG:root:shelfʃɛlf
DEBUG:root:sheriffʃɛrɪf
DEBUG:root:skiffskɪf
DEBUG:root:sniffsnɪf
DEBUG:root:spoofspuf
DEBUG:root:staffstæf
DEBUG:root:stiffstɪf
DEBUG:root:tarifftɛrɪf
DEBUG:root:thiefθif
DEBUG:root:tifftɪf
DEBUG:root:triumphtraɪəmf
DEBUG:root:troughtrɔf
DEBUG:root:turftɚf
DEBUG:root:waifweɪf
DEBUG:root:wharfworf
DEBUG:root:whiffwɪf
DEBUG:root:wifewaɪf
DEBUG:root:wolfwʊlf
DEBUG:root:absinthæbsɪnθ
DEBUG:root:aftermathæftɚmæθ
DEBUG:root:azimuthæzəməθ
DEBUG:root:bathbæθ
DEBUG:root:Behemothbəhiməθ
DEBUG:root:berthbɚθ
DEBUG:root:billionthbɪljənθ
DEBUG:root:blacksmithblæksmɪθ
DEBUG:root:boothbuθ
DEBUG:root:breathbrɛθ
DEBUG:root:brothbrɑθ
DEBUG:root:clothklɑθ
DEBUG:root:coelacanthsiləkænθ
DEBUG:root:deathdɛθ
DEBUG:root:earthɚθ
DEBUG:root:eighteentheɪtinθ
DEBUG:root:eightietheɪtiəθ
DEBUG:root:faithfeɪθ
DEBUG:root:fourthforθ
DEBUG:root:goliathɡəlaɪəθ
DEBUG:root:Gothɡɑθ
DEBUG:root:growthɡroʊθ
DEBUG:root:hearthhɑrθ
DEBUG:root:heathhiθ
DEBUG:root:hyacinthhaɪəsɪnθ
DEBUG:root:mammothmæməθ
DEBUG:root:monolithmɑnəlɪθ
DEBUG:root:monthmʌnθ
DEBUG:root:mothmɔθ
DEBUG:root:mouthmaʊθ
DEBUG:root:mythmɪθ
DEBUG:root:oathoʊθ
DEBUG:root:pathpæθ
DEBUG:root:polymathpɑlimæθ
DEBUG:root:psychopathsaɪkəpæθ
DEBUG:root:Sabbathsæbəθ
DEBUG:root:sabertoothseɪbɚtuθ
DEBUG:root:sheathʃiθ
DEBUG:root:sleuthsluθ
DEBUG:root:slothslɔθ
DEBUG:root:strengthstrɛŋθ
DEBUG:root:swathswɑθ
DEBUG:root:truthtruθ
DEBUG:root:vermouthvɚmuθ
DEBUG:root:widthwɪtθ
DEBUG:root:wraithreɪθ
DEBUG:root:wreathriθ
DEBUG:root:youthjuθ
DEBUG:root:zenithzinɪθ
ERROR:server:Exception on /plurals/ [GET]
Traceback (most recent call last):
  File "/usr/local/Cellar/python/2.7/lib/python2.7/site-packages/flask/app.py", line 862, in wsgi_app
    rv = self.dispatch_request()
  File "/usr/local/Cellar/python/2.7/lib/python2.7/site-packages/flask/app.py", line 697, in dispatch_request
    return self.view_functions[rule.endpoint](**req.view_args)
  File "/Users/jonathan/wuglearn/server.py", line 30, in exp
    import learner
  File "/Users/jonathan/wuglearn/learner.py", line 73, in <module>
    ortho, ipa = line[0], unicode(line[4])
UnicodeDecodeError: 'ascii' codec can't decode byte 0xca in position 1: ordinal not in range(128)
DEBUG:root:['/Users/jonathan/wuglearn', '/System/Library/Frameworks/Python.framework/Versions/2.6/lib/python26.zip', '/System/Library/Frameworks/Python.framework/Versions/2.6/lib/python2.6', '/System/Library/Frameworks/Python.framework/Versions/2.6/lib/python2.6/plat-darwin', '/System/Library/Frameworks/Python.framework/Versions/2.6/lib/python2.6/plat-mac', '/System/Library/Frameworks/Python.framework/Versions/2.6/lib/python2.6/plat-mac/lib-scriptpackages', '/System/Library/Frameworks/Python.framework/Versions/2.6/Extras/lib/python', '/System/Library/Frameworks/Python.framework/Versions/2.6/lib/python2.6/lib-tk', '/System/Library/Frameworks/Python.framework/Versions/2.6/lib/python2.6/lib-old', '/System/Library/Frameworks/Python.framework/Versions/2.6/lib/python2.6/lib-dynload', '/Library/Python/2.6/site-packages', '/System/Library/Frameworks/Python.framework/Versions/2.6/Extras/lib/python/PyObjC', '/System/Library/Frameworks/Python.framework/Versions/2.6/Extras/lib/python/wx-2.8-mac-unicode', '/Users/jonathan/wuglearn', '/usr/local/Cellar/python/2.7/lib/python2.7/site-packages']
DEBUG:root:bailiffbeɪlɪf
DEBUG:root:behalfbɪhæf
DEBUG:root:beliefbəlif
DEBUG:root:bluffblʌf
DEBUG:root:briefbrif
DEBUG:root:calfkæf
DEBUG:root:caliphkeɪlɪf
DEBUG:root:carafekəræf
DEBUG:root:castoffkæstɑf
DEBUG:root:chefʃɛf
DEBUG:root:chiefʧif
DEBUG:root:clefklɛf
DEBUG:root:cliffklɪf
DEBUG:root:coughkɔf
DEBUG:root:cuffkʌf
DEBUG:root:dwarfdworf
DEBUG:root:earmuffirmʌf
DEBUG:root:elfɛlf
DEBUG:root:epitaphɛpətæf
DEBUG:root:fifefaɪf
DEBUG:root:gaffeɡæf
DEBUG:root:giraffeʤɚæf
DEBUG:root:goofɡuf
DEBUG:root:graphɡræf
DEBUG:root:gulfɡʌlf
DEBUG:root:halfhæf
DEBUG:root:handcuffhænkʌf
DEBUG:root:hieroglyphhaɪrəɡlɪf
DEBUG:root:hoofhʊf
DEBUG:root:kerchiefkɚʧɪf
DEBUG:root:knifenaɪf
DEBUG:root:laughlæf
DEBUG:root:leaflif
DEBUG:root:lifelaɪf
DEBUG:root:loafloʊf
DEBUG:root:mastiffmæstɪf
DEBUG:root:midriffmɪdrɪf
DEBUG:root:motifmoʊtif
DEBUG:root:nymphnɪmf
DEBUG:root:oafoʊf
DEBUG:root:paragraphpɛrəɡræf
DEBUG:root:pilafpilɑf
DEBUG:root:plaintiffpleɪntɪf
DEBUG:root:pontiffpɑntɪf
DEBUG:root:profprɔf
DEBUG:root:proofpruf
DEBUG:root:puffpʌf
DEBUG:root:quaffkwɑf
DEBUG:root:reefrif
DEBUG:root:refrɛf
DEBUG:root:reliefrɪlif
DEBUG:root:roofruf
DEBUG:root:safeseɪf
DEBUG:root:scarfskɑrf
DEBUG:root:selfsɛlf
DEBUG:root:seraphsɛrɪf
DEBUG:root:serfsɚf
DEBUG:root:serifsɛrɪf
DEBUG:root:sheafʃif
DEBUG:root:shelfʃɛlf
DEBUG:root:sheriffʃɛrɪf
DEBUG:root:skiffskɪf
DEBUG:root:sniffsnɪf
DEBUG:root:spoofspuf
DEBUG:root:staffstæf
DEBUG:root:stiffstɪf
DEBUG:root:tarifftɛrɪf
DEBUG:root:thiefθif
DEBUG:root:tifftɪf
DEBUG:root:triumphtraɪəmf
DEBUG:root:troughtrɔf
DEBUG:root:turftɚf
DEBUG:root:waifweɪf
DEBUG:root:wharfworf
DEBUG:root:whiffwɪf
DEBUG:root:wifewaɪf
DEBUG:root:wolfwʊlf
DEBUG:root:absinthæbsɪnθ
DEBUG:root:aftermathæftɚmæθ
DEBUG:root:azimuthæzəməθ
DEBUG:root:bathbæθ
DEBUG:root:Behemothbəhiməθ
DEBUG:root:berthbɚθ
DEBUG:root:billionthbɪljənθ
DEBUG:root:blacksmithblæksmɪθ
DEBUG:root:boothbuθ
DEBUG:root:breathbrɛθ
DEBUG:root:brothbrɑθ
DEBUG:root:clothklɑθ
DEBUG:root:coelacanthsiləkænθ
DEBUG:root:deathdɛθ
DEBUG:root:earthɚθ
DEBUG:root:eighteentheɪtinθ
DEBUG:root:eightietheɪtiəθ
DEBUG:root:faithfeɪθ
DEBUG:root:fourthforθ
DEBUG:root:goliathɡəlaɪəθ
DEBUG:root:Gothɡɑθ
DEBUG:root:growthɡroʊθ
DEBUG:root:hearthhɑrθ
DEBUG:root:heathhiθ
DEBUG:root:hyacinthhaɪəsɪnθ
DEBUG:root:mammothmæməθ
DEBUG:root:monolithmɑnəlɪθ
DEBUG:root:monthmʌnθ
DEBUG:root:mothmɔθ
DEBUG:root:mouthmaʊθ
DEBUG:root:mythmɪθ
DEBUG:root:oathoʊθ
DEBUG:root:pathpæθ
DEBUG:root:polymathpɑlimæθ
DEBUG:root:psychopathsaɪkəpæθ
DEBUG:root:Sabbathsæbəθ
DEBUG:root:sabertoothseɪbɚtuθ
DEBUG:root:sheathʃiθ
DEBUG:root:sleuthsluθ
DEBUG:root:slothslɔθ
DEBUG:root:strengthstrɛŋθ
DEBUG:root:swathswɑθ
DEBUG:root:truthtruθ
DEBUG:root:vermouthvɚmuθ
DEBUG:root:widthwɪtθ
DEBUG:root:wraithreɪθ
DEBUG:root:wreathriθ
DEBUG:root:youthjuθ
DEBUG:root:zenithzinɪθ
ERROR:server:Exception on /plurals/ [GET]
Traceback (most recent call last):
  File "/usr/local/Cellar/python/2.7/lib/python2.7/site-packages/flask/app.py", line 862, in wsgi_app
    rv = self.dispatch_request()
  File "/usr/local/Cellar/python/2.7/lib/python2.7/site-packages/flask/app.py", line 697, in dispatch_request
    return self.view_functions[rule.endpoint](**req.view_args)
  File "/Users/jonathan/wuglearn/server.py", line 30, in exp
    import learner
  File "/Users/jonathan/wuglearn/learner.py", line 73, in <module>
    ortho, ipa = line[0], unicode(line[4])
UnicodeDecodeError: 'ascii' codec can't decode byte 0xca in position 1: ordinal not in range(128)
DEBUG:root:['/Users/jonathan/wuglearn', '/System/Library/Frameworks/Python.framework/Versions/2.6/lib/python26.zip', '/System/Library/Frameworks/Python.framework/Versions/2.6/lib/python2.6', '/System/Library/Frameworks/Python.framework/Versions/2.6/lib/python2.6/plat-darwin', '/System/Library/Frameworks/Python.framework/Versions/2.6/lib/python2.6/plat-mac', '/System/Library/Frameworks/Python.framework/Versions/2.6/lib/python2.6/plat-mac/lib-scriptpackages', '/System/Library/Frameworks/Python.framework/Versions/2.6/Extras/lib/python', '/System/Library/Frameworks/Python.framework/Versions/2.6/lib/python2.6/lib-tk', '/System/Library/Frameworks/Python.framework/Versions/2.6/lib/python2.6/lib-old', '/System/Library/Frameworks/Python.framework/Versions/2.6/lib/python2.6/lib-dynload', '/Library/Python/2.6/site-packages', '/System/Library/Frameworks/Python.framework/Versions/2.6/Extras/lib/python/PyObjC', '/System/Library/Frameworks/Python.framework/Versions/2.6/Extras/lib/python/wx-2.8-mac-unicode', '/Users/jonathan/wuglearn', '/usr/local/Cellar/python/2.7/lib/python2.7/site-packages']
DEBUG:root:bailiffbeɪlɪf
DEBUG:root:behalfbɪhæf
DEBUG:root:beliefbəlif
DEBUG:root:bluffblʌf
DEBUG:root:briefbrif
DEBUG:root:calfkæf
DEBUG:root:caliphkeɪlɪf
DEBUG:root:carafekəræf
DEBUG:root:castoffkæstɑf
DEBUG:root:chefʃɛf
DEBUG:root:chiefʧif
DEBUG:root:clefklɛf
DEBUG:root:cliffklɪf
DEBUG:root:coughkɔf
DEBUG:root:cuffkʌf
DEBUG:root:dwarfdworf
DEBUG:root:earmuffirmʌf
DEBUG:root:elfɛlf
DEBUG:root:epitaphɛpətæf
DEBUG:root:fifefaɪf
DEBUG:root:gaffeɡæf
DEBUG:root:giraffeʤɚæf
DEBUG:root:goofɡuf
DEBUG:root:graphɡræf
DEBUG:root:gulfɡʌlf
DEBUG:root:halfhæf
DEBUG:root:handcuffhænkʌf
DEBUG:root:hieroglyphhaɪrəɡlɪf
DEBUG:root:hoofhʊf
DEBUG:root:kerchiefkɚʧɪf
DEBUG:root:knifenaɪf
DEBUG:root:laughlæf
DEBUG:root:leaflif
DEBUG:root:lifelaɪf
DEBUG:root:loafloʊf
DEBUG:root:mastiffmæstɪf
DEBUG:root:midriffmɪdrɪf
DEBUG:root:motifmoʊtif
DEBUG:root:nymphnɪmf
DEBUG:root:oafoʊf
DEBUG:root:paragraphpɛrəɡræf
DEBUG:root:pilafpilɑf
DEBUG:root:plaintiffpleɪntɪf
DEBUG:root:pontiffpɑntɪf
DEBUG:root:profprɔf
DEBUG:root:proofpruf
DEBUG:root:puffpʌf
DEBUG:root:quaffkwɑf
DEBUG:root:reefrif
DEBUG:root:refrɛf
DEBUG:root:reliefrɪlif
DEBUG:root:roofruf
DEBUG:root:safeseɪf
DEBUG:root:scarfskɑrf
DEBUG:root:selfsɛlf
DEBUG:root:seraphsɛrɪf
DEBUG:root:serfsɚf
DEBUG:root:serifsɛrɪf
DEBUG:root:sheafʃif
DEBUG:root:shelfʃɛlf
DEBUG:root:sheriffʃɛrɪf
DEBUG:root:skiffskɪf
DEBUG:root:sniffsnɪf
DEBUG:root:spoofspuf
DEBUG:root:staffstæf
DEBUG:root:stiffstɪf
DEBUG:root:tarifftɛrɪf
DEBUG:root:thiefθif
DEBUG:root:tifftɪf
DEBUG:root:triumphtraɪəmf
DEBUG:root:troughtrɔf
DEBUG:root:turftɚf
DEBUG:root:waifweɪf
DEBUG:root:wharfworf
DEBUG:root:whiffwɪf
DEBUG:root:wifewaɪf
DEBUG:root:wolfwʊlf
DEBUG:root:absinthæbsɪnθ
DEBUG:root:aftermathæftɚmæθ
DEBUG:root:azimuthæzəməθ
DEBUG:root:bathbæθ
DEBUG:root:Behemothbəhiməθ
DEBUG:root:berthbɚθ
DEBUG:root:billionthbɪljənθ
DEBUG:root:blacksmithblæksmɪθ
DEBUG:root:boothbuθ
DEBUG:root:breathbrɛθ
DEBUG:root:brothbrɑθ
DEBUG:root:clothklɑθ
DEBUG:root:coelacanthsiləkænθ
DEBUG:root:deathdɛθ
DEBUG:root:earthɚθ
DEBUG:root:eighteentheɪtinθ
DEBUG:root:eightietheɪtiəθ
DEBUG:root:faithfeɪθ
DEBUG:root:fourthforθ
DEBUG:root:goliathɡəlaɪəθ
DEBUG:root:Gothɡɑθ
DEBUG:root:growthɡroʊθ
DEBUG:root:hearthhɑrθ
DEBUG:root:heathhiθ
DEBUG:root:hyacinthhaɪəsɪnθ
DEBUG:root:mammothmæməθ
DEBUG:root:monolithmɑnəlɪθ
DEBUG:root:monthmʌnθ
DEBUG:root:mothmɔθ
DEBUG:root:mouthmaʊθ
DEBUG:root:mythmɪθ
DEBUG:root:oathoʊθ
DEBUG:root:pathpæθ
DEBUG:root:polymathpɑlimæθ
DEBUG:root:psychopathsaɪkəpæθ
DEBUG:root:Sabbathsæbəθ
DEBUG:root:sabertoothseɪbɚtuθ
DEBUG:root:sheathʃiθ
DEBUG:root:sleuthsluθ
DEBUG:root:slothslɔθ
DEBUG:root:strengthstrɛŋθ
DEBUG:root:swathswɑθ
DEBUG:root:truthtruθ
DEBUG:root:vermouthvɚmuθ
DEBUG:root:widthwɪtθ
DEBUG:root:wraithreɪθ
DEBUG:root:wreathriθ
DEBUG:root:youthjuθ
DEBUG:root:zenithzinɪθ
